# JRE version: OpenJDK Runtime Environment Corretto-17.0.6.10.1 (17.0.6+10) (build 17.0.6+10-LTS)
# Java VM: OpenJDK 64-Bit Server VM Corretto-17.0.6.10.1 (17.0.6+10-LTS, mixed mode, sharing, tiered, compressed oops, compressed class ptrs, g1 gc, windows-amd64)
GC Precious Log:
 CPUs: 8 total, 8 available
 Memory: 16122M
 Large Page Support: Disabled
 NUMA Support: Disabled
 Compressed Oops: Enabled (Zero based)
 Heap Region Size: 2M
 Heap Min Capacity: 8M
 Heap Initial Capacity: 252M
 Heap Max Capacity: 4032M
 Pre-touch: Disabled
 Parallel Workers: 8
 Concurrent Workers: 2
 Concurrent Refinement Workers: 8
 Periodic GC: Disabled
Heap:
 garbage-first heap   total 258048K, used 50801K [0x0000000704000000, 0x0000000800000000)
  region size 2048K, 26 young (53248K), 2 survivors (4096K)
 Metaspace       used 6886K, committed 7040K, reserved 1064960K
  class space    used 469K, committed 512K, reserved 1048576K
GC Heap History (10 events):
Event: 1.828 GC heap before
{Heap before GC invocations=0 (full 0):
 garbage-first heap   total 258048K, used 20480K [0x0000000704000000, 0x0000000800000000)
  region size 2048K, 11 young (22528K), 0 survivors (0K)
 Metaspace       used 5894K, committed 6080K, reserved 1056768K
  class space    used 419K, committed 512K, reserved 1048576K
}
Event: 1.831 GC heap after
{Heap after GC invocations=1 (full 0):
 garbage-first heap   total 258048K, used 2986K [0x0000000704000000, 0x0000000800000000)
  region size 2048K, 2 young (4096K), 2 survivors (4096K)
 Metaspace       used 5894K, committed 6080K, reserved 1056768K
  class space    used 419K, committed 512K, reserved 1048576K
}
Event: 2.637 GC heap before
{Heap before GC invocations=1 (full 0):
 garbage-first heap   total 258048K, used 37802K [0x0000000704000000, 0x0000000800000000)
  region size 2048K, 19 young (38912K), 2 survivors (4096K)
 Metaspace       used 6230K, committed 6400K, reserved 1056768K
  class space    used 433K, committed 512K, reserved 1048576K
}
Event: 2.639 GC heap after
{Heap after GC invocations=2 (full 0):
 garbage-first heap   total 258048K, used 3366K [0x0000000704000000, 0x0000000800000000)
  region size 2048K, 2 young (4096K), 2 survivors (4096K)
 Metaspace       used 6230K, committed 6400K, reserved 1056768K
  class space    used 433K, committed 512K, reserved 1048576K
}
Event: 6.058 GC heap before
{Heap before GC invocations=2 (full 0):
 garbage-first heap   total 258048K, used 152870K [0x0000000704000000, 0x0000000800000000)
  region size 2048K, 75 young (153600K), 2 survivors (4096K)
 Metaspace       used 6451K, committed 6592K, reserved 1056768K
  class space    used 433K, committed 512K, reserved 1048576K
}
Event: 6.060 GC heap after
{Heap after GC invocations=3 (full 0):
 garbage-first heap   total 258048K, used 3381K [0x0000000704000000, 0x0000000800000000)
  region size 2048K, 2 young (4096K), 2 survivors (4096K)
 Metaspace       used 6451K, committed 6592K, reserved 1056768K
  class space    used 433K, committed 512K, reserved 1048576K
}
Event: 9.489 GC heap before
{Heap before GC invocations=3 (full 0):
 garbage-first heap   total 258048K, used 152885K [0x0000000704000000, 0x0000000800000000)
  region size 2048K, 75 young (153600K), 2 survivors (4096K)
 Metaspace       used 6490K, committed 6656K, reserved 1056768K
  class space    used 433K, committed 512K, reserved 1048576K
}
Event: 9.491 GC heap after
{Heap after GC invocations=4 (full 0):
 garbage-first heap   total 258048K, used 3621K [0x0000000704000000, 0x0000000800000000)
  region size 2048K, 2 young (4096K), 2 survivors (4096K)
 Metaspace       used 6490K, committed 6656K, reserved 1056768K
  class space    used 433K, committed 512K, reserved 1048576K
}
Event: 12.942 GC heap before
{Heap before GC invocations=4 (full 0):
 garbage-first heap   total 258048K, used 153125K [0x0000000704000000, 0x0000000800000000)
  region size 2048K, 75 young (153600K), 2 survivors (4096K)
 Metaspace       used 6501K, committed 6656K, reserved 1056768K
  class space    used 433K, committed 512K, reserved 1048576K
}
Event: 12.944 GC heap after
{Heap after GC invocations=5 (full 0):
 garbage-first heap   total 258048K, used 3697K [0x0000000704000000, 0x0000000800000000)
  region size 2048K, 2 young (4096K), 2 survivors (4096K)
 Metaspace       used 6501K, committed 6656K, reserved 1056768K
  class space    used 433K, committed 512K, reserved 1048576K
}

